<?xml version="1.0" encoding="UTF-8"?>
<!-- Generated by org.testng.reporters.JUnitReportReporter -->
<testsuite hostname="Abhiram" failures="0" tests="3" name="com.orangehrm.tests.LoginOrangeHRM" time="15.735" errors="0" timestamp="2025-08-23T17:35:56 IST" skipped="0">
  <testcase classname="com.orangehrm.tests.LoginOrangeHRM" name="verifylogin" time="5.278"/>
  <testcase classname="com.orangehrm.tests.LoginOrangeHRM" name="verifylogin" time="4.903"/>
  <testcase classname="com.orangehrm.tests.LoginOrangeHRM" name="verifylogin" time="5.554"/>
</testsuite> <!-- com.orangehrm.tests.LoginOrangeHRM -->
