<?xml version="1.0" encoding="UTF-8"?>
<!-- Generated by org.testng.reporters.JUnitReportReporter -->
<testsuite hostname="Abhiram" failures="0" tests="1" name="Questions.Q9" time="2.761" errors="0" timestamp="2025-08-29T11:57:46 IST" skipped="0">
  <testcase classname="Questions.Q9" name="f" time="2.761"/>
</testsuite> <!-- Questions.Q9 -->
