<?xml version="1.0" encoding="UTF-8"?>
<!-- Generated by org.testng.reporters.JUnitReportReporter -->
<testsuite hostname="Abhiram" failures="0" tests="1" name="Questions.Q8" time="7.840" errors="0" timestamp="2025-08-26T13:18:34 IST" skipped="0">
  <testcase classname="Questions.Q8" name="f" time="7.840"/>
</testsuite> <!-- Questions.Q8 -->
