<?xml version="1.0" encoding="UTF-8"?>
<!-- Generated by org.testng.reporters.JUnitReportReporter -->
<testsuite hostname="Abhiram" failures="0" tests="1" name="TestNG.TC001_Parallel_Testing" time="3.200" errors="0" timestamp="2025-08-19T09:40:54 IST" skipped="0">
  <testcase classname="TestNG.TC001_Parallel_Testing" name="f" time="3.200"/>
</testsuite> <!-- TestNG.TC001_Parallel_Testing -->
