<?xml version="1.0" encoding="UTF-8"?>
<!-- Generated by org.testng.reporters.JUnitReportReporter -->
<testsuite hostname="Abhiram" failures="0" tests="10" name="com.orangehrm.tests.LoginOrangeHRM" time="9.659" errors="0" timestamp="2025-08-29T10:36:41 IST" skipped="9">
  <testcase classname="com.orangehrm.tests.LoginOrangeHRM" name="verifyQ8" time="9.659"/>
  <testcase classname="com.orangehrm.tests.LoginOrangeHRM" name="verifyQ1">
    <skipped/>
  </testcase> <!-- verifyQ1 -->
  <testcase classname="com.orangehrm.tests.LoginOrangeHRM" name="verifylogin">
    <skipped/>
  </testcase> <!-- verifylogin -->
  <testcase classname="com.orangehrm.tests.LoginOrangeHRM" name="verifyQ2">
    <skipped/>
  </testcase> <!-- verifyQ2 -->
  <testcase classname="com.orangehrm.tests.LoginOrangeHRM" name="verifyQ3">
    <skipped/>
  </testcase> <!-- verifyQ3 -->
  <testcase classname="com.orangehrm.tests.LoginOrangeHRM" name="verifyQ4">
    <skipped/>
  </testcase> <!-- verifyQ4 -->
  <testcase classname="com.orangehrm.tests.LoginOrangeHRM" name="verifyQ5">
    <skipped/>
  </testcase> <!-- verifyQ5 -->
  <testcase classname="com.orangehrm.tests.LoginOrangeHRM" name="verifyQ6">
    <skipped/>
  </testcase> <!-- verifyQ6 -->
  <testcase classname="com.orangehrm.tests.LoginOrangeHRM" name="verifyQ7">
    <skipped/>
  </testcase> <!-- verifyQ7 -->
  <testcase classname="com.orangehrm.tests.LoginOrangeHRM" name="verifyQ9">
    <skipped/>
  </testcase> <!-- verifyQ9 -->
</testsuite> <!-- com.orangehrm.tests.LoginOrangeHRM -->
