<?xml version="1.0" encoding="UTF-8"?>
<!-- Generated by org.testng.reporters.JUnitReportReporter -->
<testsuite hostname="Abhiram" failures="0" tests="2" name="PageObjectModel.Loginf" time="21.184" errors="0" timestamp="2025-08-20T12:01:11 IST" skipped="0">
  <testcase classname="PageObjectModel.Loginf" name="f" time="13.059"/>
  <testcase classname="PageObjectModel.Loginf" name="f" time="8.125"/>
</testsuite> <!-- PageObjectModel.Loginf -->
