<?xml version="1.0" encoding="UTF-8"?>
<!-- Generated by org.testng.reporters.JUnitReportReporter -->
<testsuite hostname="Abhiram" failures="0" tests="1" name="TestNG.jenkinstest" time="6.374" errors="0" timestamp="2025-08-26T16:59:14 IST" skipped="0">
  <testcase classname="TestNG.jenkinstest" name="f" time="6.374"/>
</testsuite> <!-- TestNG.jenkinstest -->
