<?xml version="1.0" encoding="UTF-8"?>
<!-- Generated by org.testng.reporters.JUnitReportReporter -->
<testsuite hostname="Abhiram" failures="0" tests="1" name="Questions.Q1" time="8.534" errors="0" timestamp="2025-08-26T09:34:47 IST" skipped="0">
  <testcase classname="Questions.Q1" name="f" time="8.534"/>
</testsuite> <!-- Questions.Q1 -->
