<?xml version="1.0" encoding="UTF-8"?>
<!-- Generated by org.testng.reporters.JUnitReportReporter -->
<testsuite hostname="Abhiram" failures="0" tests="3" name="TestNG.Lab9_4" time="24.700" errors="0" timestamp="2025-08-19T15:24:55 IST" skipped="0">
  <testcase classname="TestNG.Lab9_4" name="f" time="6.606"/>
  <testcase classname="TestNG.Lab9_4" name="f" time="9.767"/>
  <testcase classname="TestNG.Lab9_4" name="f" time="8.327"/>
</testsuite> <!-- TestNG.Lab9_4 -->
