<?xml version="1.0" encoding="UTF-8"?>
<!-- Generated by org.testng.reporters.JUnitReportReporter -->
<testsuite hostname="Abhiram" failures="0" tests="3" name="TestNG.TC002_Parallel_Testing" time="24.607" errors="0" timestamp="2025-08-19T10:34:17 IST" skipped="0">
  <testcase classname="TestNG.TC002_Parallel_Testing" name="test2" time="6.714"/>
  <testcase classname="TestNG.TC002_Parallel_Testing" name="test2" time="12.107"/>
  <testcase classname="TestNG.TC002_Parallel_Testing" name="test2" time="5.786"/>
</testsuite> <!-- TestNG.TC002_Parallel_Testing -->
