<?xml version="1.0" encoding="UTF-8"?>
<!-- Generated by org.testng.reporters.JUnitReportReporter -->
<testsuite hostname="Abhiram" failures="0" tests="1" name="PageObjectModel.Lab16" time="8.336" errors="0" timestamp="2025-08-22T16:46:45 IST" skipped="0">
  <testcase classname="PageObjectModel.Lab16" name="f" time="8.336"/>
</testsuite> <!-- PageObjectModel.Lab16 -->
