<?xml version="1.0" encoding="UTF-8"?>
<!-- Generated by org.testng.reporters.JUnitReportReporter -->
<testsuite hostname="Abhiram" failures="0" tests="1" name="PageObjectModel.Lab15ByCSV" time="11.550" errors="0" timestamp="2025-08-22T09:34:42 IST" skipped="0">
  <testcase classname="PageObjectModel.Lab15ByCSV" name="f" time="11.550"/>
</testsuite> <!-- PageObjectModel.Lab15ByCSV -->
