<?xml version="1.0" encoding="UTF-8"?>
<!-- Generated by org.testng.reporters.JUnitReportReporter -->
<testsuite hostname="Abhiram" failures="0" tests="1" name="PageObjectModel.Lab14" time="6.164" errors="0" timestamp="2025-08-21T14:54:28 IST" skipped="0">
  <testcase classname="PageObjectModel.Lab14" name="f" time="6.164"/>
</testsuite> <!-- PageObjectModel.Lab14 -->
