<?xml version="1.0" encoding="UTF-8"?>
<!-- Generated by org.testng.reporters.JUnitReportReporter -->
<testsuite hostname="Abhiram" failures="0" tests="3" name="TestNG.TC003_TestPriority" time="10.015" errors="0" timestamp="2025-08-19T13:00:04 IST" skipped="0">
  <testcase classname="TestNG.TC003_TestPriority" name="test2" time="3.685"/>
  <testcase classname="TestNG.TC003_TestPriority" name="test1" time="2.429"/>
  <testcase classname="TestNG.TC003_TestPriority" name="test3" time="3.901"/>
</testsuite> <!-- TestNG.TC003_TestPriority -->
