<?xml version="1.0" encoding="UTF-8"?>
<!-- Generated by org.testng.reporters.JUnitReportReporter -->
<testsuite hostname="Abhiram" failures="0" tests="1" name="Questions.Q2" time="5.884" errors="0" timestamp="2025-08-26T09:53:35 IST" skipped="0">
  <testcase classname="Questions.Q2" name="f" time="5.884"/>
</testsuite> <!-- Questions.Q2 -->
