<?xml version="1.0" encoding="UTF-8"?>
<!-- Generated by org.testng.reporters.JUnitReportReporter -->
<testsuite hostname="Abhiram" failures="0" tests="3" name="TestNG.Lab9_3" time="11.357" errors="0" timestamp="2025-08-19T15:24:55 IST" skipped="0">
  <testcase classname="TestNG.Lab9_3" name="f" time="2.330"/>
  <testcase classname="TestNG.Lab9_3" name="f" time="5.654"/>
  <testcase classname="TestNG.Lab9_3" name="f" time="3.373"/>
</testsuite> <!-- TestNG.Lab9_3 -->
