<?xml version="1.0" encoding="UTF-8"?>
<!-- Generated by org.testng.reporters.JUnitReportReporter -->
<testsuite hostname="Abhiram" failures="0" tests="3" name="selenium.S15_TestNG" time="21.405" errors="0" timestamp="2025-08-18T21:50:06 IST" skipped="0">
  <testcase classname="selenium.S15_TestNG" name="f" time="6.196"/>
  <testcase classname="selenium.S15_TestNG" name="f" time="7.611"/>
  <testcase classname="selenium.S15_TestNG" name="f" time="7.598"/>
</testsuite> <!-- selenium.S15_TestNG -->
