<?xml version="1.0" encoding="UTF-8"?>
<!-- Generated by org.testng.reporters.JUnitReportReporter -->
<testsuite hostname="Abhiram" failures="0" tests="3" name="PageObjectModel.ExcelRetrieve" time="24.290" errors="0" timestamp="2025-08-20T14:54:59 IST" skipped="0">
  <testcase classname="PageObjectModel.ExcelRetrieve" name="f" time="7.614"/>
  <testcase classname="PageObjectModel.ExcelRetrieve" name="f" time="7.423"/>
  <testcase classname="PageObjectModel.ExcelRetrieve" name="f" time="9.253"/>
</testsuite> <!-- PageObjectModel.ExcelRetrieve -->
