<?xml version="1.0" encoding="UTF-8"?>
<!-- Generated by org.testng.reporters.JUnitReportReporter -->
<testsuite hostname="Abhiram" failures="0" tests="1" name="TestNG.Lab4" time="10.675" errors="0" timestamp="2025-08-19T12:25:55 IST" skipped="0">
  <testcase classname="TestNG.Lab4" name="f" time="10.675"/>
</testsuite> <!-- TestNG.Lab4 -->
