<?xml version="1.0" encoding="UTF-8"?>
<!-- Generated by org.testng.reporters.JUnitReportReporter -->
<testsuite hostname="Abhiram" failures="0" tests="1" name="Questions.Q3" time="7.577" errors="0" timestamp="2025-08-26T10:24:56 IST" skipped="0">
  <testcase classname="Questions.Q3" name="f" time="7.577"/>
</testsuite> <!-- Questions.Q3 -->
