<?xml version="1.0" encoding="UTF-8"?>
<!-- Generated by org.testng.reporters.JUnitReportReporter -->
<testsuite hostname="Abhiram" failures="0" tests="1" name="PageObjectModel.Lab11_3" time="4.470" errors="0" timestamp="2025-08-20T12:18:19 IST" skipped="0">
  <testcase classname="PageObjectModel.Lab11_3" name="f" time="4.470"/>
</testsuite> <!-- PageObjectModel.Lab11_3 -->
