<?xml version="1.0" encoding="UTF-8"?>
<!-- Generated by org.testng.reporters.JUnitReportReporter -->
<testsuite hostname="Abhiram" failures="0" tests="1" name="TestNG.Lab3" time="5.584" errors="0" timestamp="2025-08-19T12:25:55 IST" skipped="0">
  <testcase classname="TestNG.Lab3" name="f" time="5.584"/>
</testsuite> <!-- TestNG.Lab3 -->
