<?xml version="1.0" encoding="UTF-8"?>
<!-- Generated by org.testng.reporters.JUnitReportReporter -->
<testsuite hostname="Abhiram" failures="0" tests="2" name="PageObjectModel.Login" time="21.132" errors="0" timestamp="2025-08-20T11:19:05 IST" skipped="0">
  <testcase classname="PageObjectModel.Login" name="f" time="7.939"/>
  <testcase classname="PageObjectModel.Login" name="f" time="13.193"/>
</testsuite> <!-- PageObjectModel.Login -->
