<?xml version="1.0" encoding="UTF-8"?>
<!-- Generated by org.testng.reporters.JUnitReportReporter -->
<testsuite hostname="Abhiram" failures="0" tests="3" name="PageObjectModel.TC_AssertExtentSpark" time="26.868" errors="0" timestamp="2025-08-20T17:36:45 IST" skipped="0">
  <testcase classname="PageObjectModel.TC_AssertExtentSpark" name="f" time="8.485"/>
  <testcase classname="PageObjectModel.TC_AssertExtentSpark" name="f" time="10.619"/>
  <testcase classname="PageObjectModel.TC_AssertExtentSpark" name="f" time="7.764"/>
</testsuite> <!-- PageObjectModel.TC_AssertExtentSpark -->
