<?xml version="1.0" encoding="UTF-8"?>
<!-- Generated by org.testng.reporters.JUnitReportReporter -->
<testsuite hostname="Abhiram" failures="0" tests="1" name="Questions.Q4" time="1.706" errors="0" timestamp="2025-08-26T11:05:42 IST" skipped="0">
  <testcase classname="Questions.Q4" name="f" time="1.706"/>
</testsuite> <!-- Questions.Q4 -->
