<?xml version="1.0" encoding="UTF-8"?>
<!-- Generated by org.testng.reporters.JUnitReportReporter -->
<testsuite hostname="Abhiram" failures="0" tests="1" name="Questions.Q7" time="5.027" errors="0" timestamp="2025-08-29T11:57:46 IST" skipped="0">
  <testcase classname="Questions.Q7" name="f" time="5.027"/>
</testsuite> <!-- Questions.Q7 -->
