<?xml version="1.0" encoding="UTF-8"?>
<!-- Generated by org.testng.reporters.JUnitReportReporter -->
<testsuite hostname="Abhiram" failures="0" tests="1" name="Questions.Q6" time="6.229" errors="0" timestamp="2025-08-26T11:29:35 IST" skipped="0">
  <testcase classname="Questions.Q6" name="f" time="6.229"/>
</testsuite> <!-- Questions.Q6 -->
