<?xml version="1.0" encoding="UTF-8"?>
<!-- Generated by org.testng.reporters.JUnitReportReporter -->
<testsuite hostname="Abhiram" failures="0" tests="1" name="Questions.Q3" time="13.043" errors="0" timestamp="2025-08-29T12:17:03 IST" skipped="0">
  <testcase classname="Questions.Q3" name="f" time="13.043"/>
</testsuite> <!-- Questions.Q3 -->
