<?xml version="1.0" encoding="UTF-8"?>
<!-- Generated by org.testng.reporters.JUnitReportReporter -->
<testsuite hostname="Abhiram" failures="0" tests="1" name="Questions.Q4" time="3.063" errors="0" timestamp="2025-08-29T12:17:03 IST" skipped="0">
  <testcase classname="Questions.Q4" name="f" time="3.063"/>
</testsuite> <!-- Questions.Q4 -->
